{"contracts\\SurveyReward.sol":{"l":{"88":11,"89":11,"90":11,"91":11,"92":11,"96":10,"97":8,"101":11,"105":10,"109":6,"113":5,"117":5,"118":5,"122":1,"123":1,"127":3,"128":3,"129":3,"133":3,"134":3,"138":1,"139":1,"143":1,"144":1,"155":10,"156":9,"157":8,"158":7,"159":6,"161":5,"162":5,"164":4,"165":4,"166":4,"167":4,"168":4,"169":4,"170":4,"171":4,"172":4,"173":4,"174":4,"175":4,"177":4,"178":8,"181":4,"198":5,"200":5,"201":5,"202":5,"203":5,"204":2,"205":2,"206":2,"207":2,"208":2,"209":2,"211":2,"225":2,"226":2,"228":2,"229":2,"230":2,"231":2,"232":2,"233":2,"235":2,"239":1,"240":1,"242":0,"243":0,"244":0,"246":0,"250":2,"251":2,"252":2,"256":1,"258":1,"259":1,"263":1,"264":1,"265":1,"266":1,"267":1,"269":1,"270":1,"271":1,"273":1,"274":1,"275":1,"278":1,"282":1,"286":1,"290":0,"294":0},"path":"D:\\projects\\blockchain-finals\\contracts\\contracts\\SurveyReward.sol","s":{"1":11,"2":11,"3":11,"4":11,"5":11,"6":10,"7":11,"8":6,"9":5,"10":5,"11":1,"12":1,"13":3,"14":3,"15":1,"16":1,"17":10,"18":9,"19":8,"20":7,"21":6,"22":5,"23":5,"24":4,"25":4,"26":8,"27":4,"28":5,"29":5,"30":5,"31":5,"32":5,"33":2,"34":2,"35":2,"36":2,"37":2,"38":2,"39":2,"40":2,"41":2,"42":2,"43":1,"44":1,"45":0,"46":0,"47":0,"48":2,"49":2,"50":2,"51":1,"52":1,"53":1,"54":1,"55":1,"56":1,"57":1,"58":1,"59":1,"60":1,"61":1,"62":1,"63":1,"64":1,"65":0,"66":0},"b":{"1":[8,2],"2":[10,1],"3":[10,0],"4":[5,1],"5":[5,0],"6":[5,1],"7":[1,0],"8":[3,0],"9":[3,1],"10":[1,0],"11":[1,0],"12":[11,0],"13":[10,1],"14":[9,1],"15":[8,1],"16":[7,1],"17":[6,1],"18":[5,1],"19":[4,1],"20":[5,0],"21":[5,0],"22":[5,0],"23":[5,0],"24":[2,3],"25":[2,0],"26":[2,0],"27":[2,0],"28":[2,0],"29":[2,0],"30":[2,0],"31":[2,0],"32":[1,0],"33":[0,1],"34":[0,0],"35":[2,0],"36":[1,1],"37":[1,0],"38":[1,0],"39":[1,0],"40":[1,0],"41":[1,0],"42":[1,0],"43":[1,0],"44":[1,0],"45":[1,0],"46":[1,1],"47":[1,0]},"f":{"1":11,"2":10,"3":11,"4":6,"5":5,"6":1,"7":3,"8":3,"9":1,"10":1,"11":10,"12":5,"13":1,"14":2,"15":1,"16":1,"17":1,"18":0,"19":0},"fnMap":{"1":{"name":"constructor","line":87,"loc":{"start":{"line":87,"column":2},"end":{"line":93,"column":2}}},"2":{"name":"onlyAdmin","line":95,"loc":{"start":{"line":95,"column":2},"end":{"line":98,"column":2}}},"3":{"name":"onlyCreatorOrAdmin","line":100,"loc":{"start":{"line":100,"column":2},"end":{"line":106,"column":2}}},"4":{"name":"onlyVerifierOrAdmin","line":108,"loc":{"start":{"line":108,"column":2},"end":{"line":114,"column":2}}},"5":{"name":"grantCreatorRole","line":116,"loc":{"start":{"line":116,"column":2},"end":{"line":119,"column":2}}},"6":{"name":"revokeCreatorRole","line":121,"loc":{"start":{"line":121,"column":2},"end":{"line":124,"column":2}}},"7":{"name":"requestVerification","line":126,"loc":{"start":{"line":126,"column":2},"end":{"line":130,"column":2}}},"8":{"name":"approveVerification","line":132,"loc":{"start":{"line":132,"column":2},"end":{"line":135,"column":2}}},"9":{"name":"rejectVerification","line":137,"loc":{"start":{"line":137,"column":2},"end":{"line":140,"column":2}}},"10":{"name":"revokeVerification","line":142,"loc":{"start":{"line":142,"column":2},"end":{"line":145,"column":2}}},"11":{"name":"createSurvey","line":154,"loc":{"start":{"line":147,"column":2},"end":{"line":188,"column":2}}},"12":{"name":"submitResponseWithProof","line":197,"loc":{"start":{"line":190,"column":2},"end":{"line":236,"column":2}}},"13":{"name":"claimRewards","line":238,"loc":{"start":{"line":238,"column":2},"end":{"line":247,"column":2}}},"14":{"name":"closeSurvey","line":249,"loc":{"start":{"line":249,"column":2},"end":{"line":260,"column":2}}},"15":{"name":"withdrawUnusedRewards","line":262,"loc":{"start":{"line":262,"column":2},"end":{"line":279,"column":2}}},"16":{"name":"pause","line":281,"loc":{"start":{"line":281,"column":2},"end":{"line":283,"column":2}}},"17":{"name":"unpause","line":285,"loc":{"start":{"line":285,"column":2},"end":{"line":287,"column":2}}},"18":{"name":"isVerified","line":289,"loc":{"start":{"line":289,"column":2},"end":{"line":291,"column":2}}},"19":{"name":"getCompletionProofDigest","line":293,"loc":{"start":{"line":293,"column":2},"end":{"line":308,"column":2}}}},"statementMap":{"1":{"start":{"line":88,"column":4},"end":{"line":88,"column":45}},"2":{"start":{"line":89,"column":4},"end":{"line":89,"column":37}},"3":{"start":{"line":90,"column":4},"end":{"line":90,"column":39}},"4":{"start":{"line":91,"column":4},"end":{"line":91,"column":40}},"5":{"start":{"line":92,"column":4},"end":{"line":92,"column":41}},"6":{"start":{"line":96,"column":4},"end":{"line":96,"column":58}},"7":{"start":{"line":101,"column":4},"end":{"line":101,"column":3305}},"8":{"start":{"line":109,"column":4},"end":{"line":109,"column":3483}},"9":{"start":{"line":117,"column":4},"end":{"line":117,"column":36}},"10":{"start":{"line":118,"column":4},"end":{"line":118,"column":36}},"11":{"start":{"line":122,"column":4},"end":{"line":122,"column":37}},"12":{"start":{"line":123,"column":4},"end":{"line":123,"column":36}},"13":{"start":{"line":129,"column":4},"end":{"line":129,"column":56}},"14":{"start":{"line":134,"column":4},"end":{"line":134,"column":37}},"15":{"start":{"line":139,"column":4},"end":{"line":139,"column":45}},"16":{"start":{"line":144,"column":4},"end":{"line":144,"column":36}},"17":{"start":{"line":155,"column":4},"end":{"line":155,"column":54}},"18":{"start":{"line":156,"column":4},"end":{"line":156,"column":60}},"19":{"start":{"line":157,"column":4},"end":{"line":157,"column":59}},"20":{"start":{"line":158,"column":4},"end":{"line":158,"column":67}},"21":{"start":{"line":159,"column":4},"end":{"line":159,"column":57}},"22":{"start":{"line":161,"column":4},"end":{"line":161,"column":61}},"23":{"start":{"line":162,"column":4},"end":{"line":162,"column":67}},"24":{"start":{"line":165,"column":4},"end":{"line":165,"column":48}},"25":{"start":{"line":177,"column":4},"end":{"line":177,"column":5907}},"26":{"start":{"line":178,"column":6},"end":{"line":178,"column":36}},"27":{"start":{"line":181,"column":4},"end":{"line":181,"column":6005}},"28":{"start":{"line":198,"column":4},"end":{"line":198,"column":90}},"29":{"start":{"line":200,"column":4},"end":{"line":200,"column":45}},"30":{"start":{"line":201,"column":4},"end":{"line":201,"column":66}},"31":{"start":{"line":202,"column":4},"end":{"line":202,"column":50}},"32":{"start":{"line":203,"column":4},"end":{"line":203,"column":73}},"33":{"start":{"line":204,"column":4},"end":{"line":204,"column":83}},"34":{"start":{"line":205,"column":4},"end":{"line":205,"column":60}},"35":{"start":{"line":206,"column":4},"end":{"line":206,"column":57}},"36":{"start":{"line":207,"column":4},"end":{"line":207,"column":58}},"37":{"start":{"line":208,"column":4},"end":{"line":208,"column":78}},"38":{"start":{"line":209,"column":4},"end":{"line":209,"column":81}},"39":{"start":{"line":211,"column":4},"end":{"line":211,"column":7126}},"40":{"start":{"line":225,"column":4},"end":{"line":225,"column":46}},"41":{"start":{"line":226,"column":4},"end":{"line":226,"column":75}},"42":{"start":{"line":235,"column":4},"end":{"line":235,"column":81}},"43":{"start":{"line":239,"column":4},"end":{"line":239,"column":49}},"44":{"start":{"line":240,"column":4},"end":{"line":240,"column":47}},"45":{"start":{"line":243,"column":4},"end":{"line":243,"column":61}},"46":{"start":{"line":244,"column":4},"end":{"line":244,"column":41}},"47":{"start":{"line":246,"column":4},"end":{"line":246,"column":43}},"48":{"start":{"line":250,"column":4},"end":{"line":250,"column":45}},"49":{"start":{"line":251,"column":4},"end":{"line":251,"column":66}},"50":{"start":{"line":252,"column":4},"end":{"line":252,"column":8386}},"51":{"start":{"line":256,"column":4},"end":{"line":256,"column":51}},"52":{"start":{"line":259,"column":4},"end":{"line":259,"column":43}},"53":{"start":{"line":263,"column":4},"end":{"line":263,"column":45}},"54":{"start":{"line":264,"column":4},"end":{"line":264,"column":66}},"55":{"start":{"line":265,"column":4},"end":{"line":265,"column":70}},"56":{"start":{"line":266,"column":4},"end":{"line":266,"column":52}},"57":{"start":{"line":267,"column":4},"end":{"line":267,"column":79}},"58":{"start":{"line":269,"column":4},"end":{"line":269,"column":43}},"59":{"start":{"line":273,"column":4},"end":{"line":273,"column":9172}},"60":{"start":{"line":274,"column":6},"end":{"line":274,"column":67}},"61":{"start":{"line":275,"column":6},"end":{"line":275,"column":45}},"62":{"start":{"line":278,"column":4},"end":{"line":278,"column":65}},"63":{"start":{"line":282,"column":4},"end":{"line":282,"column":11}},"64":{"start":{"line":286,"column":4},"end":{"line":286,"column":13}},"65":{"start":{"line":290,"column":4},"end":{"line":290,"column":68}},"66":{"start":{"line":294,"column":4},"end":{"line":294,"column":9761}}},"branchMap":{"1":{"line":96,"type":"if","locations":[{"start":{"line":96,"column":4},"end":{"line":96,"column":4}},{"start":{"line":96,"column":4},"end":{"line":96,"column":4}}]},"2":{"line":101,"type":"if","locations":[{"start":{"line":101,"column":4},"end":{"line":101,"column":4}},{"start":{"line":101,"column":4},"end":{"line":101,"column":4}}]},"3":{"line":102,"type":"cond-expr","locations":[{"start":{"line":102,"column":6},"end":{"line":102,"column":38}},{"start":{"line":102,"column":43},"end":{"line":102,"column":73}}]},"4":{"line":109,"type":"if","locations":[{"start":{"line":109,"column":4},"end":{"line":109,"column":4}},{"start":{"line":109,"column":4},"end":{"line":109,"column":4}}]},"5":{"line":110,"type":"cond-expr","locations":[{"start":{"line":110,"column":6},"end":{"line":110,"column":39}},{"start":{"line":110,"column":44},"end":{"line":110,"column":74}}]},"6":{"line":116,"type":"if","locations":[{"start":{"line":116,"column":54},"end":{"line":116,"column":54}},{"start":{"line":116,"column":54},"end":{"line":116,"column":54}}]},"7":{"line":121,"type":"if","locations":[{"start":{"line":121,"column":55},"end":{"line":121,"column":55}},{"start":{"line":121,"column":55},"end":{"line":121,"column":55}}]},"8":{"line":126,"type":"if","locations":[{"start":{"line":126,"column":62},"end":{"line":126,"column":62}},{"start":{"line":126,"column":62},"end":{"line":126,"column":62}}]},"9":{"line":132,"type":"if","locations":[{"start":{"line":132,"column":56},"end":{"line":132,"column":56}},{"start":{"line":132,"column":56},"end":{"line":132,"column":56}}]},"10":{"line":137,"type":"if","locations":[{"start":{"line":137,"column":79},"end":{"line":137,"column":79}},{"start":{"line":137,"column":79},"end":{"line":137,"column":79}}]},"11":{"line":142,"type":"if","locations":[{"start":{"line":142,"column":55},"end":{"line":142,"column":55}},{"start":{"line":142,"column":55},"end":{"line":142,"column":55}}]},"12":{"line":154,"type":"if","locations":[{"start":{"line":154,"column":21},"end":{"line":154,"column":21}},{"start":{"line":154,"column":21},"end":{"line":154,"column":21}}]},"13":{"line":154,"type":"if","locations":[{"start":{"line":154,"column":35},"end":{"line":154,"column":35}},{"start":{"line":154,"column":35},"end":{"line":154,"column":35}}]},"14":{"line":155,"type":"if","locations":[{"start":{"line":155,"column":4},"end":{"line":155,"column":4}},{"start":{"line":155,"column":4},"end":{"line":155,"column":4}}]},"15":{"line":156,"type":"if","locations":[{"start":{"line":156,"column":4},"end":{"line":156,"column":4}},{"start":{"line":156,"column":4},"end":{"line":156,"column":4}}]},"16":{"line":157,"type":"if","locations":[{"start":{"line":157,"column":4},"end":{"line":157,"column":4}},{"start":{"line":157,"column":4},"end":{"line":157,"column":4}}]},"17":{"line":158,"type":"if","locations":[{"start":{"line":158,"column":4},"end":{"line":158,"column":4}},{"start":{"line":158,"column":4},"end":{"line":158,"column":4}}]},"18":{"line":159,"type":"if","locations":[{"start":{"line":159,"column":4},"end":{"line":159,"column":4}},{"start":{"line":159,"column":4},"end":{"line":159,"column":4}}]},"19":{"line":162,"type":"if","locations":[{"start":{"line":162,"column":4},"end":{"line":162,"column":4}},{"start":{"line":162,"column":4},"end":{"line":162,"column":4}}]},"20":{"line":197,"type":"if","locations":[{"start":{"line":197,"column":13},"end":{"line":197,"column":13}},{"start":{"line":197,"column":13},"end":{"line":197,"column":13}}]},"21":{"line":198,"type":"if","locations":[{"start":{"line":198,"column":4},"end":{"line":198,"column":4}},{"start":{"line":198,"column":4},"end":{"line":198,"column":4}}]},"22":{"line":201,"type":"if","locations":[{"start":{"line":201,"column":4},"end":{"line":201,"column":4}},{"start":{"line":201,"column":4},"end":{"line":201,"column":4}}]},"23":{"line":202,"type":"if","locations":[{"start":{"line":202,"column":4},"end":{"line":202,"column":4}},{"start":{"line":202,"column":4},"end":{"line":202,"column":4}}]},"24":{"line":203,"type":"if","locations":[{"start":{"line":203,"column":4},"end":{"line":203,"column":4}},{"start":{"line":203,"column":4},"end":{"line":203,"column":4}}]},"25":{"line":204,"type":"if","locations":[{"start":{"line":204,"column":4},"end":{"line":204,"column":4}},{"start":{"line":204,"column":4},"end":{"line":204,"column":4}}]},"26":{"line":205,"type":"if","locations":[{"start":{"line":205,"column":4},"end":{"line":205,"column":4}},{"start":{"line":205,"column":4},"end":{"line":205,"column":4}}]},"27":{"line":206,"type":"if","locations":[{"start":{"line":206,"column":4},"end":{"line":206,"column":4}},{"start":{"line":206,"column":4},"end":{"line":206,"column":4}}]},"28":{"line":207,"type":"if","locations":[{"start":{"line":207,"column":4},"end":{"line":207,"column":4}},{"start":{"line":207,"column":4},"end":{"line":207,"column":4}}]},"29":{"line":208,"type":"if","locations":[{"start":{"line":208,"column":4},"end":{"line":208,"column":4}},{"start":{"line":208,"column":4},"end":{"line":208,"column":4}}]},"30":{"line":209,"type":"if","locations":[{"start":{"line":209,"column":4},"end":{"line":209,"column":4}},{"start":{"line":209,"column":4},"end":{"line":209,"column":4}}]},"31":{"line":226,"type":"if","locations":[{"start":{"line":226,"column":4},"end":{"line":226,"column":4}},{"start":{"line":226,"column":4},"end":{"line":226,"column":4}}]},"32":{"line":238,"type":"if","locations":[{"start":{"line":238,"column":35},"end":{"line":238,"column":35}},{"start":{"line":238,"column":35},"end":{"line":238,"column":35}}]},"33":{"line":240,"type":"if","locations":[{"start":{"line":240,"column":4},"end":{"line":240,"column":4}},{"start":{"line":240,"column":4},"end":{"line":240,"column":4}}]},"34":{"line":244,"type":"if","locations":[{"start":{"line":244,"column":4},"end":{"line":244,"column":4}},{"start":{"line":244,"column":4},"end":{"line":244,"column":4}}]},"35":{"line":251,"type":"if","locations":[{"start":{"line":251,"column":4},"end":{"line":251,"column":4}},{"start":{"line":251,"column":4},"end":{"line":251,"column":4}}]},"36":{"line":252,"type":"if","locations":[{"start":{"line":252,"column":4},"end":{"line":252,"column":4}},{"start":{"line":252,"column":4},"end":{"line":252,"column":4}}]},"37":{"line":253,"type":"cond-expr","locations":[{"start":{"line":253,"column":6},"end":{"line":253,"column":33}},{"start":{"line":253,"column":38},"end":{"line":253,"column":68}}]},"38":{"line":256,"type":"if","locations":[{"start":{"line":256,"column":4},"end":{"line":256,"column":4}},{"start":{"line":256,"column":4},"end":{"line":256,"column":4}}]},"39":{"line":262,"type":"if","locations":[{"start":{"line":262,"column":60},"end":{"line":262,"column":60}},{"start":{"line":262,"column":60},"end":{"line":262,"column":60}}]},"40":{"line":264,"type":"if","locations":[{"start":{"line":264,"column":4},"end":{"line":264,"column":4}},{"start":{"line":264,"column":4},"end":{"line":264,"column":4}}]},"41":{"line":265,"type":"if","locations":[{"start":{"line":265,"column":4},"end":{"line":265,"column":4}},{"start":{"line":265,"column":4},"end":{"line":265,"column":4}}]},"42":{"line":266,"type":"if","locations":[{"start":{"line":266,"column":4},"end":{"line":266,"column":4}},{"start":{"line":266,"column":4},"end":{"line":266,"column":4}}]},"43":{"line":267,"type":"if","locations":[{"start":{"line":267,"column":4},"end":{"line":267,"column":4}},{"start":{"line":267,"column":4},"end":{"line":267,"column":4}}]},"44":{"line":273,"type":"if","locations":[{"start":{"line":273,"column":4},"end":{"line":273,"column":4}},{"start":{"line":273,"column":4},"end":{"line":273,"column":4}}]},"45":{"line":275,"type":"if","locations":[{"start":{"line":275,"column":6},"end":{"line":275,"column":6}},{"start":{"line":275,"column":6},"end":{"line":275,"column":6}}]},"46":{"line":281,"type":"if","locations":[{"start":{"line":281,"column":28},"end":{"line":281,"column":28}},{"start":{"line":281,"column":28},"end":{"line":281,"column":28}}]},"47":{"line":285,"type":"if","locations":[{"start":{"line":285,"column":30},"end":{"line":285,"column":30}},{"start":{"line":285,"column":30},"end":{"line":285,"column":30}}]}}}}